setting 'ivy.default.settings.dir' to 'jar:file:/opt/activator/activator-launch-1.2.12.jar!/org/apache/ivy/core/settings'
setting 'ivy.basedir' to '/home/play/Code/.'
setting 'ivy.default.conf.dir' to 'jar:file:/opt/activator/activator-launch-1.2.12.jar!/org/apache/ivy/core/settings'
impossible to define new type: class not found: org.apache.ivy.plugins.resolver.SshResolver in [] nor Ivy classloader
impossible to define new type: class not found: org.apache.ivy.plugins.resolver.VsftpResolver in [] nor Ivy classloader
impossible to define new type: class not found: org.apache.ivy.plugins.version.PatternVersionMatcher in [] nor Ivy classloader
impossible to define new type: class not found: org.apache.ivy.plugins.trigger.LogTrigger in [] nor Ivy classloader
impossible to define new type: class not found: org.apache.ivy.ant.AntBuildTrigger in [] nor Ivy classloader
impossible to define new type: class not found: org.apache.ivy.plugins.resolver.IvyRepResolver in [] nor Ivy classloader
impossible to define new type: class not found: org.apache.ivy.plugins.signer.bouncycastle.OpenPGPSignatureGenerator in [] nor Ivy classloader
impossible to define new type: class not found: org.apache.ivy.plugins.conflict.RegexpConflictManager in [] nor Ivy classloader
impossible to define new type: class not found: org.apache.ivy.plugins.resolver.SFTPResolver in [] nor Ivy classloader
impossible to define new type: class not found: org.apache.ivy.osgi.updatesite.UpdateSiteResolver in [] nor Ivy classloader
impossible to define new type: class not found: org.apache.ivy.ant.AntCallTrigger in [] nor Ivy classloader
impossible to define new type: class not found: org.apache.ivy.plugins.resolver.MirroredURLResolver in [] nor Ivy classloader
impossible to define new type: class not found: org.apache.ivy.plugins.resolver.packager.PackagerResolver in [] nor Ivy classloader
impossible to define new type: class not found: org.apache.ivy.plugins.resolver.DualResolver in [] nor Ivy classloader
impossible to define new type: class not found: org.apache.ivy.plugins.resolver.VfsResolver in [] nor Ivy classloader
impossible to define new type: class not found: org.apache.ivy.plugins.resolver.JarResolver in [] nor Ivy classloader
impossible to define new type: class not found: org.apache.ivy.osgi.obr.OBRResolver in [] nor Ivy classloader
impossible to define glob matcher: org.apache.ivy.plugins.matcher.GlobPatternMatcher was not found.
setting 'jline.esc.timeout' to '0'
setting 'java.runtime.name' to 'Java(TM) SE Runtime Environment'
setting 'sun.boot.library.path' to '/usr/lib/jvm/java-8-oracle/jre/lib/amd64'
setting 'java.vm.version' to '25.31-b07'
setting 'activator.home' to '/opt/activator'
setting 'java.vm.vendor' to 'Oracle Corporation'
setting 'java.vendor.url' to 'http://java.oracle.com/'
setting 'path.separator' to ':'
setting 'java.vm.name' to 'Java HotSpot(TM) 64-Bit Server VM'
setting 'file.encoding.pkg' to 'sun.io'
setting 'user.country' to 'GB'
setting 'sun.java.launcher' to 'SUN_STANDARD'
setting 'sun.os.patch.level' to 'unknown'
setting 'java.vm.specification.name' to 'Java Virtual Machine Specification'
setting 'user.dir' to '/home/play/Code'
setting 'java.runtime.version' to '1.8.0_31-b13'
setting 'java.awt.graphicsenv' to 'sun.awt.X11GraphicsEnvironment'
setting 'java.endorsed.dirs' to '/usr/lib/jvm/java-8-oracle/jre/lib/endorsed'
setting 'os.arch' to 'amd64'
setting 'java.io.tmpdir' to '/tmp'
setting 'line.separator' to '
'
setting 'java.vm.specification.vendor' to 'Oracle Corporation'
setting 'os.name' to 'Linux'
setting 'sun.jnu.encoding' to 'UTF-8'
setting 'java.library.path' to '/usr/java/packages/lib/amd64:/usr/lib64:/lib64:/lib:/usr/lib'
setting 'java.specification.name' to 'Java Platform API Specification'
setting 'java.class.version' to '52.0'
setting 'sun.management.compiler' to 'HotSpot 64-Bit Tiered Compilers'
setting 'os.version' to '3.13.0-45-generic'
setting 'user.home' to '/home/play/Code'
setting 'user.timezone' to 'Etc/UTC'
setting 'java.awt.printerjob' to 'sun.print.PSPrinterJob'
setting 'file.encoding' to 'UTF-8'
setting 'java.specification.version' to '1.8'
setting 'java.class.path' to '/opt/activator/activator-launch-1.2.12.jar'
setting 'user.name' to 'play'
setting 'jline.shutdownhook' to 'false'
setting 'java.vm.specification.version' to '1.8'
setting 'sun.java.command' to '/opt/activator/activator-launch-1.2.12.jar run'
setting 'java.home' to '/usr/lib/jvm/java-8-oracle/jre'
setting 'sun.arch.data.model' to '64'
setting 'user.language' to 'en'
setting 'java.specification.vendor' to 'Oracle Corporation'
setting 'awt.toolkit' to 'sun.awt.X11.XToolkit'
setting 'java.vm.info' to 'mixed mode'
setting 'java.version' to '1.8.0_31'
setting 'java.ext.dirs' to '/usr/lib/jvm/java-8-oracle/jre/lib/ext:/usr/java/packages/lib/ext'
setting 'sun.boot.class.path' to '/usr/lib/jvm/java-8-oracle/jre/lib/resources.jar:/usr/lib/jvm/java-8-oracle/jre/lib/rt.jar:/usr/lib/jvm/java-8-oracle/jre/lib/sunrsasign.jar:/usr/lib/jvm/java-8-oracle/jre/lib/jsse.jar:/usr/lib/jvm/java-8-oracle/jre/lib/jce.jar:/usr/lib/jvm/java-8-oracle/jre/lib/charsets.jar:/usr/lib/jvm/java-8-oracle/jre/lib/jfr.jar:/usr/lib/jvm/java-8-oracle/jre/classes'
setting 'java.vendor' to 'Oracle Corporation'
setting 'file.separator' to '/'
setting 'java.vendor.url.bug' to 'http://bugreport.sun.com/bugreport/'
setting 'sun.io.unicode.encoding' to 'UnicodeLittle'
setting 'sun.cpu.endian' to 'little'
setting 'sun.cpu.isalist' to ''
setting 'ivy.default.ivy.user.dir' to '/home/play/Code/.ivy2'
setting 'ivy.home' to '/home/play/Code/.ivy2'
setting 'ivy.cache.dir' to '/home/play/Code/.ivy2/cache'
no default cache defined: set to /home/play/Code/.ivy2/cache
setting 'ivy.checksums' to 'sha1,md5'
setting 'ivy.basedir' to '/home/play/Code/.sbt/boot'
setting 'basedir' to '/home/play/Code/.sbt/boot'
setting 'scala' to '2.10.4'
:: resolving dependencies :: org.scala-sbt#boot-scala;1.0
	confs: [default]
	validate = true
	refresh = false
resolving dependencies for configuration 'default'
== resolving dependencies for org.scala-sbt#boot-scala;1.0 [default]
loadData of org.scala-sbt#boot-scala;1.0 of rootConf=default
== resolving dependencies org.scala-sbt#boot-scala;1.0->org.scala-lang#scala-compiler;2.10.4 [default->default]
loadData of org.scala-lang#scala-compiler;2.10.4 of rootConf=default
	using redefined-public to resolve org.scala-lang#scala-compiler;2.10.4
redefined-public: Checking cache for: dependency: org.scala-lang#scala-compiler;2.10.4 {default=[default, optional(default)]}
redefined-public: no namespace defined: using system
No entry is found in the ModuleDescriptorCache : /home/play/Code/.ivy2/cache/org.scala-lang/scala-compiler/ivy-2.10.4.xml
post 1.3 ivy file: using exact as default matcher
	resolver not found: null => trying to use the one configured for org.scala-lang#scala-compiler;2.10.4
	configured resolver found for org.scala-lang#scala-compiler;2.10.4: redefined-public: saving this data
	found ivy file in cache for org.scala-lang#scala-compiler;2.10.4 (resolved by redefined-public): /home/play/Code/.ivy2/cache/org.scala-lang/scala-compiler/ivy-2.10.4.xml
redefined-public: module revision found in cache: org.scala-lang#scala-compiler;2.10.4
redefined-public: no latest strategy defined: using default
	found org.scala-lang#scala-compiler;2.10.4 in redefined-public
== resolving dependencies org.scala-sbt#boot-scala;1.0->org.scala-lang#scala-compiler;2.10.4 [default->runtime]
loadData of org.scala-lang#scala-compiler;2.10.4 of rootConf=default
== resolving dependencies org.scala-sbt#boot-scala;1.0->org.scala-lang#scala-compiler;2.10.4 [default->compile]
loadData of org.scala-lang#scala-compiler;2.10.4 of rootConf=default
== resolving dependencies org.scala-lang#scala-compiler;2.10.4->org.scala-lang#scala-library;2.10.4 [compile->master(*)]
loadData of org.scala-lang#scala-library;2.10.4 of rootConf=default
	using redefined-public to resolve org.scala-lang#scala-library;2.10.4
redefined-public: Checking cache for: dependency: org.scala-lang#scala-library;2.10.4 {compile=[compile(*), master(*)], runtime=[runtime(*)]}
No entry is found in the ModuleDescriptorCache : /home/play/Code/.ivy2/cache/org.scala-lang/scala-library/ivy-2.10.4.xml
post 1.3 ivy file: using exact as default matcher
	resolver not found: null => trying to use the one configured for org.scala-lang#scala-library;2.10.4
	configured resolver found for org.scala-lang#scala-library;2.10.4: redefined-public: saving this data
	found ivy file in cache for org.scala-lang#scala-library;2.10.4 (resolved by redefined-public): /home/play/Code/.ivy2/cache/org.scala-lang/scala-library/ivy-2.10.4.xml
redefined-public: module revision found in cache: org.scala-lang#scala-library;2.10.4
	found org.scala-lang#scala-library;2.10.4 in redefined-public
loadData of org.scala-lang#scala-library;2.10.4 of rootConf=default
	[2.10.4] org.scala-lang#scala-library;2.10.4
== resolving dependencies org.scala-lang#scala-compiler;2.10.4->org.scala-lang#scala-library;2.10.4 [compile->compile(*)]
loadData of org.scala-lang#scala-library;2.10.4 of rootConf=default
== resolving dependencies org.scala-lang#scala-compiler;2.10.4->org.scala-lang#scala-library;2.10.4 [compile->default]
loadData of org.scala-lang#scala-library;2.10.4 of rootConf=default
== resolving dependencies org.scala-lang#scala-compiler;2.10.4->org.scala-lang#scala-library;2.10.4 [compile->runtime]
loadData of org.scala-lang#scala-library;2.10.4 of rootConf=default
== resolving dependencies org.scala-lang#scala-compiler;2.10.4->org.scala-lang#scala-library;2.10.4 [compile->compile]
loadData of org.scala-lang#scala-library;2.10.4 of rootConf=default
== resolving dependencies org.scala-lang#scala-compiler;2.10.4->org.scala-lang#scala-library;2.10.4 [compile->master]
loadData of org.scala-lang#scala-library;2.10.4 of rootConf=default
== resolving dependencies org.scala-lang#scala-compiler;2.10.4->org.scala-lang#scala-library;2.10.4 [compile->runtime(*)]
loadData of org.scala-lang#scala-library;2.10.4 of rootConf=default
== resolving dependencies org.scala-lang#scala-compiler;2.10.4->org.scala-lang#scala-library;2.10.4 [compile->compile]
loadData of org.scala-lang#scala-library;2.10.4 of rootConf=default
default is loaded and no conf to load.  Skip loading
== resolving dependencies org.scala-lang#scala-compiler;2.10.4->org.scala-lang#scala-reflect;2.10.4 [compile->master(*)]
loadData of org.scala-lang#scala-reflect;2.10.4 of rootConf=default
	using redefined-public to resolve org.scala-lang#scala-reflect;2.10.4
redefined-public: Checking cache for: dependency: org.scala-lang#scala-reflect;2.10.4 {compile=[compile(*), master(*)], runtime=[runtime(*)]}
No entry is found in the ModuleDescriptorCache : /home/play/Code/.ivy2/cache/org.scala-lang/scala-reflect/ivy-2.10.4.xml
post 1.3 ivy file: using exact as default matcher
	resolver not found: null => trying to use the one configured for org.scala-lang#scala-reflect;2.10.4
	configured resolver found for org.scala-lang#scala-reflect;2.10.4: redefined-public: saving this data
	found ivy file in cache for org.scala-lang#scala-reflect;2.10.4 (resolved by redefined-public): /home/play/Code/.ivy2/cache/org.scala-lang/scala-reflect/ivy-2.10.4.xml
redefined-public: module revision found in cache: org.scala-lang#scala-reflect;2.10.4
	found org.scala-lang#scala-reflect;2.10.4 in redefined-public
loadData of org.scala-lang#scala-reflect;2.10.4 of rootConf=default
	[2.10.4] org.scala-lang#scala-reflect;2.10.4
== resolving dependencies org.scala-lang#scala-compiler;2.10.4->org.scala-lang#scala-reflect;2.10.4 [compile->compile(*)]
loadData of org.scala-lang#scala-reflect;2.10.4 of rootConf=default
== resolving dependencies org.scala-lang#scala-reflect;2.10.4->org.scala-lang#scala-library;2.10.4 [compile->master(*)]
loadData of org.scala-lang#scala-library;2.10.4 of rootConf=default
default is loaded and no conf to load.  Skip loading
== resolving dependencies org.scala-lang#scala-reflect;2.10.4->org.scala-lang#scala-library;2.10.4 [compile->compile(*)]
loadData of org.scala-lang#scala-library;2.10.4 of rootConf=default
default is loaded and no conf to load.  Skip loading
== resolving dependencies org.scala-lang#scala-compiler;2.10.4->org.scala-lang#scala-reflect;2.10.4 [compile->runtime(*)]
loadData of org.scala-lang#scala-reflect;2.10.4 of rootConf=default
== resolving dependencies org.scala-lang#scala-compiler;2.10.4->org.scala-lang#scala-reflect;2.10.4 [compile->compile]
loadData of org.scala-lang#scala-reflect;2.10.4 of rootConf=default
== resolving dependencies org.scala-lang#scala-reflect;2.10.4->org.scala-lang#scala-library;2.10.4 [runtime->runtime(*)]
loadData of org.scala-lang#scala-library;2.10.4 of rootConf=default
default is loaded and no conf to load.  Skip loading
== resolving dependencies org.scala-lang#scala-reflect;2.10.4->org.scala-lang#scala-library;2.10.4 [runtime->compile]
loadData of org.scala-lang#scala-library;2.10.4 of rootConf=default
default is loaded and no conf to load.  Skip loading
== resolving dependencies org.scala-lang#scala-compiler;2.10.4->org.scala-lang#scala-library;2.10.4 [runtime->runtime(*)]
loadData of org.scala-lang#scala-library;2.10.4 of rootConf=default
default is loaded and no conf to load.  Skip loading
== resolving dependencies org.scala-lang#scala-compiler;2.10.4->org.scala-lang#scala-library;2.10.4 [runtime->compile]
loadData of org.scala-lang#scala-library;2.10.4 of rootConf=default
default is loaded and no conf to load.  Skip loading
== resolving dependencies org.scala-lang#scala-compiler;2.10.4->org.scala-lang#scala-reflect;2.10.4 [runtime->runtime(*)]
loadData of org.scala-lang#scala-reflect;2.10.4 of rootConf=default
default is loaded and no conf to load.  Skip loading
== resolving dependencies org.scala-lang#scala-compiler;2.10.4->org.scala-lang#scala-reflect;2.10.4 [runtime->compile]
loadData of org.scala-lang#scala-reflect;2.10.4 of rootConf=default
default is loaded and no conf to load.  Skip loading
== resolving dependencies org.scala-sbt#boot-scala;1.0->org.scala-lang#scala-compiler;2.10.4 [default->master]
loadData of org.scala-lang#scala-compiler;2.10.4 of rootConf=default
== resolving dependencies org.scala-sbt#boot-scala;1.0->org.scala-lang#scala-compiler;2.10.4 [default->optional(default)]
loadData of org.scala-lang#scala-compiler;2.10.4 of rootConf=default
== resolving dependencies org.scala-lang#scala-compiler;2.10.4->org.scala-lang#jline;2.10.4 [optional->master(*)]
loadData of org.scala-lang#jline;2.10.4 of rootConf=default
	using redefined-public to resolve org.scala-lang#jline;2.10.4
redefined-public: Checking cache for: dependency: org.scala-lang#jline;2.10.4 {optional=[compile(*), master(*)]}
	no ivy file in cache for org.scala-lang#jline;2.10.4: tried /home/play/Code/.ivy2/cache/org.scala-lang/jline/ivy-2.10.4.xml
local: no namespace defined: using system
	no ivy file in cache for org.scala-lang#jline;2.10.4: tried /home/play/Code/.ivy2/cache/org.scala-lang/jline/ivy-2.10.4.xml
	 trying /home/play/Code/.ivy2/local/org.scala-lang/jline/2.10.4/ivys/ivy.xml
		tried /home/play/Code/.ivy2/local/org.scala-lang/jline/2.10.4/ivys/ivy.xml
	local: resource not reachable for org.scala-lang#jline;2.10.4: res=/home/play/Code/.ivy2/local/org.scala-lang/jline/2.10.4/ivys/ivy.xml
	 trying /home/play/Code/.ivy2/local/org.scala-lang/jline/2.10.4/jars/jline.jar
		tried /home/play/Code/.ivy2/local/org.scala-lang/jline/2.10.4/jars/jline.jar
	local: resource not reachable for org.scala-lang#jline;2.10.4: res=/home/play/Code/.ivy2/local/org.scala-lang/jline/2.10.4/jars/jline.jar
	local: no ivy file nor artifact found for org.scala-lang#jline;2.10.4
activator-local: no namespace defined: using system
	no ivy file in cache for org.scala-lang#jline;2.10.4: tried /home/play/Code/.ivy2/cache/org.scala-lang/jline/ivy-2.10.4.xml
	 trying file:/opt/activator/repository/org.scala-lang/jline/2.10.4/ivys/ivy.xml
		tried file:/opt/activator/repository/org.scala-lang/jline/2.10.4/ivys/ivy.xml
	activator-local: found md file for org.scala-lang#jline;2.10.4
		=> file:/opt/activator/repository/org.scala-lang/jline/2.10.4/ivys/ivy.xml (2.10.4)
	parser = ivy parser
	no ivy file in cache for org.scala-lang#jline;2.10.4: tried /home/play/Code/.ivy2/cache/org.scala-lang/jline/ivy-2.10.4.xml
downloading file:/opt/activator/repository/org.scala-lang/jline/2.10.4/ivys/ivy.xml ...
	activator-local: downloading file:/opt/activator/repository/org.scala-lang/jline/2.10.4/ivys/ivy.xml
		to /home/play/Code/.ivy2/cache/org.scala-lang/jline/ivy-2.10.4.xml.original.part
sha1 file found for file:/opt/activator/repository/org.scala-lang/jline/2.10.4/ivys/ivy.xml: checking...
	activator-local: downloading file:/opt/activator/repository/org.scala-lang/jline/2.10.4/ivys/ivy.xml.sha1
		to /tmp/ivytmp6232897437128256461sha1
sha1 OK for file:/opt/activator/repository/org.scala-lang/jline/2.10.4/ivys/ivy.xml
	[SUCCESSFUL ] org.scala-lang#jline;2.10.4!ivy.xml(ivy.original) (16ms)
post 1.3 ivy file: using exact as default matcher
	default-cache: parsed downloaded md file for org.scala-lang#jline;2.10.4; parsed=org.scala-lang#jline;2.10.4
	checking org.scala-lang#jline;2.10.4 from activator-local against [none]
	module revision kept as first found: org.scala-lang#jline;2.10.4 from activator-local
	found org.scala-lang#jline;2.10.4 in activator-local
== resolving dependencies org.scala-lang#scala-compiler;2.10.4->org.scala-lang#jline;2.10.4 [optional->compile(*)]
loadData of org.scala-lang#jline;2.10.4 of rootConf=default
== resolving dependencies org.scala-lang#jline;2.10.4->org.fusesource.jansi#jansi;1.4 [compile->master(*)]
loadData of org.fusesource.jansi#jansi;1.4 of rootConf=default
	using redefined-public to resolve org.fusesource.jansi#jansi;1.4
redefined-public: Checking cache for: dependency: org.fusesource.jansi#jansi;1.4 {compile=[compile(*), master(*)], runtime=[runtime(*)]}
	no ivy file in cache for org.fusesource.jansi#jansi;1.4: tried /home/play/Code/.ivy2/cache/org.fusesource.jansi/jansi/ivy-1.4.xml
	no ivy file in cache for org.fusesource.jansi#jansi;1.4: tried /home/play/Code/.ivy2/cache/org.fusesource.jansi/jansi/ivy-1.4.xml
	 trying /home/play/Code/.ivy2/local/org.fusesource.jansi/jansi/1.4/ivys/ivy.xml
		tried /home/play/Code/.ivy2/local/org.fusesource.jansi/jansi/1.4/ivys/ivy.xml
	local: resource not reachable for org.fusesource.jansi#jansi;1.4: res=/home/play/Code/.ivy2/local/org.fusesource.jansi/jansi/1.4/ivys/ivy.xml
	 trying /home/play/Code/.ivy2/local/org.fusesource.jansi/jansi/1.4/jars/jansi.jar
		tried /home/play/Code/.ivy2/local/org.fusesource.jansi/jansi/1.4/jars/jansi.jar
	local: resource not reachable for org.fusesource.jansi#jansi;1.4: res=/home/play/Code/.ivy2/local/org.fusesource.jansi/jansi/1.4/jars/jansi.jar
	local: no ivy file nor artifact found for org.fusesource.jansi#jansi;1.4
	no ivy file in cache for org.fusesource.jansi#jansi;1.4: tried /home/play/Code/.ivy2/cache/org.fusesource.jansi/jansi/ivy-1.4.xml
	 trying file:/opt/activator/repository/org.fusesource.jansi/jansi/1.4/ivys/ivy.xml
		tried file:/opt/activator/repository/org.fusesource.jansi/jansi/1.4/ivys/ivy.xml
	activator-local: found md file for org.fusesource.jansi#jansi;1.4
		=> file:/opt/activator/repository/org.fusesource.jansi/jansi/1.4/ivys/ivy.xml (1.4)
	parser = ivy parser
	no ivy file in cache for org.fusesource.jansi#jansi;1.4: tried /home/play/Code/.ivy2/cache/org.fusesource.jansi/jansi/ivy-1.4.xml
downloading file:/opt/activator/repository/org.fusesource.jansi/jansi/1.4/ivys/ivy.xml ...
	activator-local: downloading file:/opt/activator/repository/org.fusesource.jansi/jansi/1.4/ivys/ivy.xml
		to /home/play/Code/.ivy2/cache/org.fusesource.jansi/jansi/ivy-1.4.xml.original.part
sha1 file found for file:/opt/activator/repository/org.fusesource.jansi/jansi/1.4/ivys/ivy.xml: checking...
	activator-local: downloading file:/opt/activator/repository/org.fusesource.jansi/jansi/1.4/ivys/ivy.xml.sha1
		to /tmp/ivytmp4629424496720773488sha1
sha1 OK for file:/opt/activator/repository/org.fusesource.jansi/jansi/1.4/ivys/ivy.xml
	[SUCCESSFUL ] org.fusesource.jansi#jansi;1.4!ivy.xml(ivy.original) (15ms)
post 1.3 ivy file: using exact as default matcher
	default-cache: parsed downloaded md file for org.fusesource.jansi#jansi;1.4; parsed=org.fusesource.jansi#jansi;1.4
	checking org.fusesource.jansi#jansi;1.4 from activator-local against [none]
	module revision kept as first found: org.fusesource.jansi#jansi;1.4 from activator-local
	found org.fusesource.jansi#jansi;1.4 in activator-local
== resolving dependencies org.scala-lang#jline;2.10.4->org.fusesource.jansi#jansi;1.4 [compile->compile(*)]
loadData of org.fusesource.jansi#jansi;1.4 of rootConf=default
== resolving dependencies org.scala-sbt#boot-scala;1.0->org.scala-lang#scala-library;2.10.4 [default->default]
loadData of org.scala-lang#scala-library;2.10.4 of rootConf=default
default is loaded and no conf to load.  Skip loading
== resolving dependencies org.scala-sbt#boot-scala;1.0->org.scala-lang#scala-library;2.10.4 [default->runtime]
loadData of org.scala-lang#scala-library;2.10.4 of rootConf=default
default is loaded and no conf to load.  Skip loading
== resolving dependencies org.scala-sbt#boot-scala;1.0->org.scala-lang#scala-library;2.10.4 [default->compile]
loadData of org.scala-lang#scala-library;2.10.4 of rootConf=default
default is loaded and no conf to load.  Skip loading
== resolving dependencies org.scala-sbt#boot-scala;1.0->org.scala-lang#scala-library;2.10.4 [default->master]
loadData of org.scala-lang#scala-library;2.10.4 of rootConf=default
default is loaded and no conf to load.  Skip loading
Nbr of module to sort : 5
Sort dependencies of : org.scala-lang#scala-compiler;2.10.4 / Number of dependencies = 3
Sort dependencies of : org.scala-lang#scala-library;2.10.4 / Number of dependencies = 0
Sort done for : org.scala-lang#scala-library;2.10.4
Sort dependencies of : org.scala-lang#scala-reflect;2.10.4 / Number of dependencies = 1
Module descriptor is processed : org.scala-lang#scala-library;2.10.4
Sort done for : org.scala-lang#scala-reflect;2.10.4
Sort dependencies of : org.scala-lang#jline;2.10.4 / Number of dependencies = 1
Sort dependencies of : org.fusesource.jansi#jansi;1.4 / Number of dependencies = 1
Sort done for : org.fusesource.jansi#jansi;1.4
Sort done for : org.scala-lang#jline;2.10.4
Sort done for : org.scala-lang#scala-compiler;2.10.4
Module descriptor is processed : org.scala-lang#scala-library;2.10.4
Module descriptor is processed : org.scala-lang#scala-reflect;2.10.4
Module descriptor is processed : org.scala-lang#jline;2.10.4
Module descriptor is processed : org.fusesource.jansi#jansi;1.4
storing dependency org.scala-lang#scala-compiler;2.10.4 in props
storing dependency org.scala-lang#scala-library;2.10.4 in props
	resolved ivy file produced in cache
:: downloading artifacts ::
	[NOT REQUIRED] org.scala-lang#scala-compiler;2.10.4!scala-compiler.jar
	[NOT REQUIRED] org.scala-lang#scala-library;2.10.4!scala-library.jar
	[NOT REQUIRED] org.scala-lang#scala-reflect;2.10.4!scala-reflect.jar
	 trying file:/opt/activator/repository/org.scala-lang/jline/2.10.4/jars/jline.jar
		tried file:/opt/activator/repository/org.scala-lang/jline/2.10.4/jars/jline.jar
downloading file:/opt/activator/repository/org.scala-lang/jline/2.10.4/jars/jline.jar ...
	activator-local: downloading file:/opt/activator/repository/org.scala-lang/jline/2.10.4/jars/jline.jar
		to /home/play/Code/.ivy2/cache/org.scala-lang/jline/jars/jline-2.10.4.jar.part
sha1 file found for file:/opt/activator/repository/org.scala-lang/jline/2.10.4/jars/jline.jar: checking...
	activator-local: downloading file:/opt/activator/repository/org.scala-lang/jline/2.10.4/jars/jline.jar.sha1
		to /tmp/ivytmp8303835378899502320sha1
sha1 OK for file:/opt/activator/repository/org.scala-lang/jline/2.10.4/jars/jline.jar
	[SUCCESSFUL ] org.scala-lang#jline;2.10.4!jline.jar (33ms)
	 trying file:/opt/activator/repository/org.fusesource.jansi/jansi/1.4/jars/jansi.jar
		tried file:/opt/activator/repository/org.fusesource.jansi/jansi/1.4/jars/jansi.jar
downloading file:/opt/activator/repository/org.fusesource.jansi/jansi/1.4/jars/jansi.jar ...
	activator-local: downloading file:/opt/activator/repository/org.fusesource.jansi/jansi/1.4/jars/jansi.jar
		to /home/play/Code/.ivy2/cache/org.fusesource.jansi/jansi/jars/jansi-1.4.jar.part
sha1 file found for file:/opt/activator/repository/org.fusesource.jansi/jansi/1.4/jars/jansi.jar: checking...
	activator-local: downloading file:/opt/activator/repository/org.fusesource.jansi/jansi/1.4/jars/jansi.jar.sha1
		to /tmp/ivytmp9080978785912730160sha1
sha1 OK for file:/opt/activator/repository/org.fusesource.jansi/jansi/1.4/jars/jansi.jar
	[SUCCESSFUL ] org.fusesource.jansi#jansi;1.4!jansi.jar (25ms)
:: resolution report :: resolve 155ms :: artifacts dl 73ms
Nbr of module to sort : 5
Sort dependencies of : org.scala-lang#scala-compiler;2.10.4 / Number of dependencies = 3
Sort dependencies of : org.scala-lang#scala-library;2.10.4 / Number of dependencies = 0
Sort done for : org.scala-lang#scala-library;2.10.4
Sort dependencies of : org.scala-lang#scala-reflect;2.10.4 / Number of dependencies = 1
Module descriptor is processed : org.scala-lang#scala-library;2.10.4
Sort done for : org.scala-lang#scala-reflect;2.10.4
Sort dependencies of : org.scala-lang#jline;2.10.4 / Number of dependencies = 1
Sort dependencies of : org.fusesource.jansi#jansi;1.4 / Number of dependencies = 1
Sort done for : org.fusesource.jansi#jansi;1.4
Sort done for : org.scala-lang#jline;2.10.4
Sort done for : org.scala-lang#scala-compiler;2.10.4
Module descriptor is processed : org.scala-lang#scala-library;2.10.4
Module descriptor is processed : org.scala-lang#scala-reflect;2.10.4
Module descriptor is processed : org.scala-lang#jline;2.10.4
Module descriptor is processed : org.fusesource.jansi#jansi;1.4
	report for org.scala-sbt#boot-scala;1.0 default produced in /home/play/Code/.sbt/boot/resolution-cache/org.scala-sbt-boot-scala-default.xml
	resolve done (155ms resolve - 73ms download)
setting 'scala' to '2.10.4'
:: retrieving :: org.scala-sbt#boot-scala
	checkUpToDate=true
post 1.3 ivy file: using exact as default matcher
no explicit confs given for retrieve, using ivy file: file:/home/play/Code/.sbt/boot/resolution-cache/resolved-org.scala-sbt-boot-scala-1.0.xml
	confs: [default]
	retrieving /home/play/Code/.ivy2/cache/org.scala-lang/scala-reflect/jars/scala-reflect-2.10.4.jar
		to /home/play/Code/.sbt/boot/scala-2.10.4/lib/scala-reflect.jar
	retrieving /home/play/Code/.ivy2/cache/org.scala-lang/scala-compiler/jars/scala-compiler-2.10.4.jar
		to /home/play/Code/.sbt/boot/scala-2.10.4/lib/scala-compiler.jar
	retrieving /home/play/Code/.ivy2/cache/org.fusesource.jansi/jansi/jars/jansi-1.4.jar
		to /home/play/Code/.sbt/boot/scala-2.10.4/lib/jansi.jar
	retrieving /home/play/Code/.ivy2/cache/org.scala-lang/jline/jars/jline-2.10.4.jar
		to /home/play/Code/.sbt/boot/scala-2.10.4/lib/jline.jar
	retrieving /home/play/Code/.ivy2/cache/org.scala-lang/scala-library/jars/scala-library-2.10.4.jar
		to /home/play/Code/.sbt/boot/scala-2.10.4/lib/scala-library.jar
	5 artifacts copied, 0 already retrieved (24459kB/131ms)
	retrieve done (131ms)
